# JRE version: Java(TM) SE Runtime Environment (8.0_191-b12) (build 1.8.0_191-b12)
# Java VM: Java HotSpot(TM) 64-Bit Server VM (25.191-b12 mixed mode windows-amd64 compressed oops)
Heap:
 PSYoungGen      total 611840K, used 611833K [0x000000076ab00000, 0x0000000795580000, 0x00000007c0000000)
  eden space 524800K, 100% used [0x000000076ab00000,0x000000078ab80000,0x000000078ab80000)
  from space 87040K, 99% used [0x000000078ab80000,0x000000079007e520,0x0000000790080000)
  to   space 87040K, 30% used [0x0000000790080000,0x0000000791ae0000,0x0000000795580000)
 ParOldGen       total 1398272K, used 38301K [0x00000006c0000000, 0x0000000715580000, 0x000000076ab00000)
  object space 1398272K, 2% used [0x00000006c0000000,0x00000006c25675b0,0x0000000715580000)
 Metaspace       used 3748K, capacity 4672K, committed 4864K, reserved 1056768K
  class space    used 398K, capacity 432K, committed 512K, reserved 1048576K
GC Heap History (3 events):
Event: 3.814 GC heap before
{Heap before GC invocations=1 (full 0):
 PSYoungGen      total 611840K, used 524800K [0x000000076ab00000, 0x0000000795580000, 0x00000007c0000000)
  eden space 524800K, 100% used [0x000000076ab00000,0x000000078ab80000,0x000000078ab80000)
  from space 87040K, 0% used [0x0000000790080000,0x0000000790080000,0x0000000795580000)
  to   space 87040K, 0% used [0x000000078ab80000,0x000000078ab80000,0x0000000790080000)
 ParOldGen       total 1398272K, used 0K [0x00000006c0000000, 0x0000000715580000, 0x000000076ab00000)
  object space 1398272K, 0% used [0x00000006c0000000,0x00000006c0000000,0x0000000715580000)
 Metaspace       used 3747K, capacity 4672K, committed 4864K, reserved 1056768K
  class space    used 398K, capacity 432K, committed 512K, reserved 1048576K
Event: 4.241 GC heap after
Heap after GC invocations=1 (full 0):
 PSYoungGen      total 611840K, used 87033K [0x000000076ab00000, 0x0000000795580000, 0x00000007c0000000)
  eden space 524800K, 0% used [0x000000076ab00000,0x000000076ab00000,0x000000078ab80000)
  from space 87040K, 99% used [0x000000078ab80000,0x000000079007e520,0x0000000790080000)
  to   space 87040K, 0% used [0x0000000790080000,0x0000000790080000,0x0000000795580000)
 ParOldGen       total 1398272K, used 38293K [0x00000006c0000000, 0x0000000715580000, 0x000000076ab00000)
  object space 1398272K, 2% used [0x00000006c0000000,0x00000006c25655b0,0x0000000715580000)
 Metaspace       used 3747K, capacity 4672K, committed 4864K, reserved 1056768K
  class space    used 398K, capacity 432K, committed 512K, reserved 1048576K
}
Event: 5.783 GC heap before
{Heap before GC invocations=2 (full 0):
 PSYoungGen      total 611840K, used 611833K [0x000000076ab00000, 0x0000000795580000, 0x00000007c0000000)
  eden space 524800K, 100% used [0x000000076ab00000,0x000000078ab80000,0x000000078ab80000)
  from space 87040K, 99% used [0x000000078ab80000,0x000000079007e520,0x0000000790080000)
  to   space 87040K, 0% used [0x0000000790080000,0x0000000790080000,0x0000000795580000)
 ParOldGen       total 1398272K, used 38293K [0x00000006c0000000, 0x0000000715580000, 0x000000076ab00000)
  object space 1398272K, 2% used [0x00000006c0000000,0x00000006c25655b0,0x0000000715580000)
 Metaspace       used 3748K, capacity 4672K, committed 4864K, reserved 1056768K
  class space    used 398K, capacity 432K, committed 512K, reserved 1048576K

